<?xml version="1.0" encoding="UTF-8"?>
<testsuite xmlns:xsi="http://www.w3.org/2001/XMLSchema-instance" xsi:noNamespaceSchemaLocation="https://maven.apache.org/surefire/maven-surefire-plugin/xsd/surefire-test-report-3.0.xsd" version="3.0" name="org.truelayer.challenge.runner.TestRunner" time="6.503" tests="8" errors="0" skipped="0" failures="0">
  <properties>
[...]
</properties>
  <testcase name="Get satellite position for valid satellite id - Happy Path #1" classname="This feature tests the whereistheiss public APIs" time="1.559">
    <system-out><![CDATA[
Scenario Outline: Get satellite position for valid satellite id - Happy Path # src/test/resources/bdd/wheretheissapi.feature:15
  When I get the satellite position for satellite "25544" for below          # org.truelayer.challenge.stepDefinition.WhereTheIssApi.i_get_the_satellite_position_for_satellite_for_below(java.lang.String,io.cucumber.datatable.DataTable)
    | timestamps | 1436029892 |
    | units      | miles      |
  Then the response status code should be 200                                # org.truelayer.challenge.stepDefinition.WhereTheIssApi.the_response_status_code_should_be(int)
  And the response body should be have satellite position                    # org.truelayer.challenge.stepDefinition.WhereTheIssApi.the_response_body_should_be_have_satellite_position()
]]></system-out>
    <system-err><![CDATA[log4j:WARN No such property [datePattern] in org.apache.log4j.RollingFileAppender.
]]></system-err>
  </testcase>
  <testcase name="Get satellite position for valid satellite id - Happy Path #2" classname="This feature tests the whereistheiss public APIs" time="0.645">
    <system-out><![CDATA[
Scenario Outline: Get satellite position for valid satellite id - Happy Path # src/test/resources/bdd/wheretheissapi.feature:16
  When I get the satellite position for satellite "25544" for below          # org.truelayer.challenge.stepDefinition.WhereTheIssApi.i_get_the_satellite_position_for_satellite_for_below(java.lang.String,io.cucumber.datatable.DataTable)
    | timestamps | 1436029892,1436029902 |
    | units      | miles                 |
  Then the response status code should be 200                                # org.truelayer.challenge.stepDefinition.WhereTheIssApi.the_response_status_code_should_be(int)
  And the response body should be have satellite position                    # org.truelayer.challenge.stepDefinition.WhereTheIssApi.the_response_body_should_be_have_satellite_position()
]]></system-out>
  </testcase>
  <testcase name="Get satellite position for valid satellite id - Happy Path #3" classname="This feature tests the whereistheiss public APIs" time="0.683">
    <system-out><![CDATA[
Scenario Outline: Get satellite position for valid satellite id - Happy Path # src/test/resources/bdd/wheretheissapi.feature:17
  When I get the satellite position for satellite "25544" for below          # org.truelayer.challenge.stepDefinition.WhereTheIssApi.i_get_the_satellite_position_for_satellite_for_below(java.lang.String,io.cucumber.datatable.DataTable)
    | timestamps | 1436029892 |
    | units      | [empty]    |
  Then the response status code should be 200                                # org.truelayer.challenge.stepDefinition.WhereTheIssApi.the_response_status_code_should_be(int)
  And the response body should be have satellite position                    # org.truelayer.challenge.stepDefinition.WhereTheIssApi.the_response_body_should_be_have_satellite_position()
]]></system-out>
  </testcase>
  <testcase name="Validations for get satellite position by Id #1" classname="This feature tests the whereistheiss public APIs" time="0.837">
    <system-out><![CDATA[
Scenario Outline: Validations for get satellite position by Id    # src/test/resources/bdd/wheretheissapi.feature:28
  When I get the satellite position for satellite "123" for below # org.truelayer.challenge.stepDefinition.WhereTheIssApi.i_get_the_satellite_position_for_satellite_for_below(java.lang.String,io.cucumber.datatable.DataTable)
    | timestamps | 1436029892 |
    | units      | [empty]    |
  Then the response status code should be 404                     # org.truelayer.challenge.stepDefinition.WhereTheIssApi.the_response_status_code_should_be(int)
  And the error message should be "satellite not found"           # org.truelayer.challenge.stepDefinition.WhereTheIssApi.theErrorShouldBe(java.lang.String)
]]></system-out>
  </testcase>
  <testcase name="Validations for get satellite position by Id #2" classname="This feature tests the whereistheiss public APIs" time="0.625">
    <system-out><![CDATA[
Scenario Outline: Validations for get satellite position by Id      # src/test/resources/bdd/wheretheissapi.feature:29
  When I get the satellite position for satellite "25544" for below # org.truelayer.challenge.stepDefinition.WhereTheIssApi.i_get_the_satellite_position_for_satellite_for_below(java.lang.String,io.cucumber.datatable.DataTable)
    | timestamps | [empty] |
    | units      | miles   |
  Then the response status code should be 400                       # org.truelayer.challenge.stepDefinition.WhereTheIssApi.the_response_status_code_should_be(int)
  And the error message should be "invalid timestamp in list:"      # org.truelayer.challenge.stepDefinition.WhereTheIssApi.theErrorShouldBe(java.lang.String)
]]></system-out>
  </testcase>
  <testcase name="Get TLE data for a satellite in JSON and Text format #1" classname="This feature tests the whereistheiss public APIs" time="0.623">
    <system-out><![CDATA[
Scenario Outline: Get TLE data for a satellite in JSON and Text format # src/test/resources/bdd/wheretheissapi.feature:38
  When I get TLE data in "" format for a given satellite "25544"       # org.truelayer.challenge.stepDefinition.WhereTheIssApi.iGetTLEDataInFormatForAGivenSatellite(java.lang.String,java.lang.String)
  Then the response status code should be 200                          # org.truelayer.challenge.stepDefinition.WhereTheIssApi.the_response_status_code_should_be(int)
  And the response body should have TLE data for given satellite       # org.truelayer.challenge.stepDefinition.WhereTheIssApi.theResponseBodyShouldHaveTLEDataForGivenSatellite()
]]></system-out>
  </testcase>
  <testcase name="Get TLE data for a satellite in JSON and Text format #2" classname="This feature tests the whereistheiss public APIs" time="0.639">
    <system-out><![CDATA[
Scenario Outline: Get TLE data for a satellite in JSON and Text format # src/test/resources/bdd/wheretheissapi.feature:39
  When I get TLE data in "json" format for a given satellite "25544"   # org.truelayer.challenge.stepDefinition.WhereTheIssApi.iGetTLEDataInFormatForAGivenSatellite(java.lang.String,java.lang.String)
  Then the response status code should be 200                          # org.truelayer.challenge.stepDefinition.WhereTheIssApi.the_response_status_code_should_be(int)
  And the response body should have TLE data for given satellite       # org.truelayer.challenge.stepDefinition.WhereTheIssApi.theResponseBodyShouldHaveTLEDataForGivenSatellite()
]]></system-out>
  </testcase>
  <testcase name="Get TLE data for a satellite in JSON and Text format #3" classname="This feature tests the whereistheiss public APIs" time="0.658">
    <system-out><![CDATA[
Scenario Outline: Get TLE data for a satellite in JSON and Text format # src/test/resources/bdd/wheretheissapi.feature:40
  When I get TLE data in "text" format for a given satellite "25544"   # org.truelayer.challenge.stepDefinition.WhereTheIssApi.iGetTLEDataInFormatForAGivenSatellite(java.lang.String,java.lang.String)
  Then the response status code should be 200                          # org.truelayer.challenge.stepDefinition.WhereTheIssApi.the_response_status_code_should_be(int)
  And the response body should have TLE data for given satellite       # org.truelayer.challenge.stepDefinition.WhereTheIssApi.theResponseBodyShouldHaveTLEDataForGivenSatellite()
]]></system-out>
  </testcase>
</testsuite>